Determining if the pthread_create exist failed with the following output:
Change Dir: /home/jacob/Desktop/URDF-Model/build/CMakeFiles/CMakeTmp

Run Build Command:"/usr/bin/make" "cmTC_76cbe/fast"
/usr/bin/make -f CMakeFiles/cmTC_76cbe.dir/build.make CMakeFiles/cmTC_76cbe.dir/build
make[1]: 进入目录“/home/jacob/Desktop/URDF-Model/build/CMakeFiles/CMakeTmp”
Building C object CMakeFiles/cmTC_76cbe.dir/CheckSymbolExists.c.o
/usr/bin/cc    -o CMakeFiles/cmTC_76cbe.dir/CheckSymbolExists.c.o   -c /home/jacob/Desktop/URDF-Model/build/CMakeFiles/CMakeTmp/CheckSymbolExists.c
Linking C executable cmTC_76cbe
/usr/bin/cmake -E cmake_link_script CMakeFiles/cmTC_76cbe.dir/link.txt --verbose=1
/usr/bin/cc      -rdynamic CMakeFiles/cmTC_76cbe.dir/CheckSymbolExists.c.o  -o cmTC_76cbe 
CMakeFiles/cmTC_76cbe.dir/CheckSymbolExists.c.o：在函数‘main’中：
CheckSymbolExists.c:(.text+0x1b)：对‘pthread_create’未定义的引用
collect2: error: ld returned 1 exit status
CMakeFiles/cmTC_76cbe.dir/build.make:97: recipe for target 'cmTC_76cbe' failed
make[1]: *** [cmTC_76cbe] Error 1
make[1]: 离开目录“/home/jacob/Desktop/URDF-Model/build/CMakeFiles/CMakeTmp”
Makefile:126: recipe for target 'cmTC_76cbe/fast' failed
make: *** [cmTC_76cbe/fast] Error 2

File /home/jacob/Desktop/URDF-Model/build/CMakeFiles/CMakeTmp/CheckSymbolExists.c:
/* */
#include <pthread.h>

int main(int argc, char** argv)
{
  (void)argv;
#ifndef pthread_create
  return ((int*)(&pthread_create))[argc];
#else
  (void)argc;
  return 0;
#endif
}

Determining if the function pthread_create exists in the pthreads failed with the following output:
Change Dir: /home/jacob/Desktop/URDF-Model/build/CMakeFiles/CMakeTmp

Run Build Command:"/usr/bin/make" "cmTC_9fb03/fast"
/usr/bin/make -f CMakeFiles/cmTC_9fb03.dir/build.make CMakeFiles/cmTC_9fb03.dir/build
make[1]: 进入目录“/home/jacob/Desktop/URDF-Model/build/CMakeFiles/CMakeTmp”
Building C object CMakeFiles/cmTC_9fb03.dir/CheckFunctionExists.c.o
/usr/bin/cc   -DCHECK_FUNCTION_EXISTS=pthread_create   -o CMakeFiles/cmTC_9fb03.dir/CheckFunctionExists.c.o   -c /usr/share/cmake-3.10/Modules/CheckFunctionExists.c
Linking C executable cmTC_9fb03
/usr/bin/cmake -E cmake_link_script CMakeFiles/cmTC_9fb03.dir/link.txt --verbose=1
/usr/bin/cc  -DCHECK_FUNCTION_EXISTS=pthread_create    -rdynamic CMakeFiles/cmTC_9fb03.dir/CheckFunctionExists.c.o  -o cmTC_9fb03 -lpthreads 
/usr/bin/ld: 找不到 -lpthreads
collect2: error: ld returned 1 exit status
CMakeFiles/cmTC_9fb03.dir/build.make:97: recipe for target 'cmTC_9fb03' failed
make[1]: *** [cmTC_9fb03] Error 1
make[1]: 离开目录“/home/jacob/Desktop/URDF-Model/build/CMakeFiles/CMakeTmp”
Makefile:126: recipe for target 'cmTC_9fb03/fast' failed
make: *** [cmTC_9fb03/fast] Error 2


